<?xml version="1.0" encoding="UTF-8"?>
<testng-results ignored="0" total="1" passed="1" failed="0" skipped="0">
  <reporter-output>
  </reporter-output>
  <suite started-at="2026-03-30T22:23:34 IST" name="Sauce Demo Suite" finished-at="2026-03-30T22:25:47 IST" duration-ms="133264">
    <groups>
    </groups>
    <test started-at="2026-03-30T22:23:34 IST" name="End to End Test" finished-at="2026-03-30T22:25:47 IST" duration-ms="133264">
      <class name="tests.E2ETest">
        <test-method is-config="true" signature="setup()[pri:0, instance:tests.E2ETest@3c9754d8]" started-at="2026-03-30T22:23:34 IST" name="setup" finished-at="2026-03-30T22:23:52 IST" duration-ms="18102" status="PASS">
          <reporter-output>
          </reporter-output>
        </test-method> <!-- setup -->
        <test-method signature="testFullJourney()[pri:0, instance:tests.E2ETest@3c9754d8]" started-at="2026-03-30T22:23:52 IST" name="testFullJourney" finished-at="2026-03-30T22:25:47 IST" duration-ms="114721" status="PASS">
          <reporter-output>
          </reporter-output>
        </test-method> <!-- testFullJourney -->
        <test-method is-config="true" signature="tearDown()[pri:0, instance:tests.E2ETest@3c9754d8]" started-at="2026-03-30T22:25:47 IST" name="tearDown" finished-at="2026-03-30T22:25:47 IST" duration-ms="387" status="PASS">
          <reporter-output>
          </reporter-output>
        </test-method> <!-- tearDown -->
      </class> <!-- tests.E2ETest -->
    </test> <!-- End to End Test -->
  </suite> <!-- Sauce Demo Suite -->
</testng-results>
